2019-04-28 19:47:04,472 0      [           main] DEBUG ache.ibatis.logging.LogFactory  - Logging initialized using 'class org.apache.ibatis.logging.log4j.Log4jImpl' adapter.
2019-04-28 19:47:04,529 57     [           main] DEBUG source.pooled.PooledDataSource  - PooledDataSource forcefully closed/removed all connections.
2019-04-28 19:47:04,530 58     [           main] DEBUG source.pooled.PooledDataSource  - PooledDataSource forcefully closed/removed all connections.
2019-04-28 19:47:04,530 58     [           main] DEBUG source.pooled.PooledDataSource  - PooledDataSource forcefully closed/removed all connections.
2019-04-28 19:47:04,530 58     [           main] DEBUG source.pooled.PooledDataSource  - PooledDataSource forcefully closed/removed all connections.
2019-04-28 19:54:05,632 0      [           main] DEBUG ache.ibatis.logging.LogFactory  - Logging initialized using 'class org.apache.ibatis.logging.log4j.Log4jImpl' adapter.
2019-04-28 19:54:05,649 17     [           main] DEBUG source.pooled.PooledDataSource  - PooledDataSource forcefully closed/removed all connections.
2019-04-28 19:54:05,649 17     [           main] DEBUG source.pooled.PooledDataSource  - PooledDataSource forcefully closed/removed all connections.
2019-04-28 19:54:05,649 17     [           main] DEBUG source.pooled.PooledDataSource  - PooledDataSource forcefully closed/removed all connections.
2019-04-28 19:54:05,649 17     [           main] DEBUG source.pooled.PooledDataSource  - PooledDataSource forcefully closed/removed all connections.
2019-04-28 19:55:28,338 0      [           main] DEBUG ache.ibatis.logging.LogFactory  - Logging initialized using 'class org.apache.ibatis.logging.log4j.Log4jImpl' adapter.
2019-04-28 19:55:28,356 18     [           main] DEBUG source.pooled.PooledDataSource  - PooledDataSource forcefully closed/removed all connections.
2019-04-28 19:55:28,356 18     [           main] DEBUG source.pooled.PooledDataSource  - PooledDataSource forcefully closed/removed all connections.
2019-04-28 19:55:28,356 18     [           main] DEBUG source.pooled.PooledDataSource  - PooledDataSource forcefully closed/removed all connections.
2019-04-28 19:55:28,356 18     [           main] DEBUG source.pooled.PooledDataSource  - PooledDataSource forcefully closed/removed all connections.
2019-04-28 20:01:37,720 1      [           main] DEBUG ache.ibatis.logging.LogFactory  - Logging initialized using 'class org.apache.ibatis.logging.log4j.Log4jImpl' adapter.
2019-04-28 20:01:37,734 15     [           main] DEBUG source.pooled.PooledDataSource  - PooledDataSource forcefully closed/removed all connections.
2019-04-28 20:01:37,734 15     [           main] DEBUG source.pooled.PooledDataSource  - PooledDataSource forcefully closed/removed all connections.
2019-04-28 20:01:37,734 15     [           main] DEBUG source.pooled.PooledDataSource  - PooledDataSource forcefully closed/removed all connections.
2019-04-28 20:01:37,734 15     [           main] DEBUG source.pooled.PooledDataSource  - PooledDataSource forcefully closed/removed all connections.
2019-04-28 20:01:38,012 293    [           main] DEBUG ansaction.jdbc.JdbcTransaction  - Opening JDBC Connection
2019-04-28 20:02:15,296 0      [           main] DEBUG ache.ibatis.logging.LogFactory  - Logging initialized using 'class org.apache.ibatis.logging.log4j.Log4jImpl' adapter.
2019-04-28 20:02:15,314 18     [           main] DEBUG source.pooled.PooledDataSource  - PooledDataSource forcefully closed/removed all connections.
2019-04-28 20:02:15,314 18     [           main] DEBUG source.pooled.PooledDataSource  - PooledDataSource forcefully closed/removed all connections.
2019-04-28 20:02:15,314 18     [           main] DEBUG source.pooled.PooledDataSource  - PooledDataSource forcefully closed/removed all connections.
2019-04-28 20:02:15,314 18     [           main] DEBUG source.pooled.PooledDataSource  - PooledDataSource forcefully closed/removed all connections.
2019-04-28 20:04:00,541 0      [           main] DEBUG ache.ibatis.logging.LogFactory  - Logging initialized using 'class org.apache.ibatis.logging.log4j.Log4jImpl' adapter.
2019-04-28 20:04:00,556 15     [           main] DEBUG source.pooled.PooledDataSource  - PooledDataSource forcefully closed/removed all connections.
2019-04-28 20:04:00,556 15     [           main] DEBUG source.pooled.PooledDataSource  - PooledDataSource forcefully closed/removed all connections.
2019-04-28 20:04:00,556 15     [           main] DEBUG source.pooled.PooledDataSource  - PooledDataSource forcefully closed/removed all connections.
2019-04-28 20:04:00,556 15     [           main] DEBUG source.pooled.PooledDataSource  - PooledDataSource forcefully closed/removed all connections.
2019-04-28 20:04:00,627 86     [           main] DEBUG ansaction.jdbc.JdbcTransaction  - Opening JDBC Connection
2019-04-28 20:05:15,732 0      [           main] DEBUG ache.ibatis.logging.LogFactory  - Logging initialized using 'class org.apache.ibatis.logging.log4j.Log4jImpl' adapter.
2019-04-28 20:05:15,753 21     [           main] DEBUG source.pooled.PooledDataSource  - PooledDataSource forcefully closed/removed all connections.
2019-04-28 20:05:15,753 21     [           main] DEBUG source.pooled.PooledDataSource  - PooledDataSource forcefully closed/removed all connections.
2019-04-28 20:05:15,753 21     [           main] DEBUG source.pooled.PooledDataSource  - PooledDataSource forcefully closed/removed all connections.
2019-04-28 20:05:15,753 21     [           main] DEBUG source.pooled.PooledDataSource  - PooledDataSource forcefully closed/removed all connections.
2019-04-28 20:05:15,824 92     [           main] DEBUG ansaction.jdbc.JdbcTransaction  - Opening JDBC Connection
2019-04-28 20:05:25,955 0      [           main] DEBUG ache.ibatis.logging.LogFactory  - Logging initialized using 'class org.apache.ibatis.logging.log4j.Log4jImpl' adapter.
2019-04-28 20:05:25,973 18     [           main] DEBUG source.pooled.PooledDataSource  - PooledDataSource forcefully closed/removed all connections.
2019-04-28 20:05:25,973 18     [           main] DEBUG source.pooled.PooledDataSource  - PooledDataSource forcefully closed/removed all connections.
2019-04-28 20:05:25,973 18     [           main] DEBUG source.pooled.PooledDataSource  - PooledDataSource forcefully closed/removed all connections.
2019-04-28 20:05:25,973 18     [           main] DEBUG source.pooled.PooledDataSource  - PooledDataSource forcefully closed/removed all connections.
2019-04-28 20:05:26,082 127    [           main] DEBUG ansaction.jdbc.JdbcTransaction  - Opening JDBC Connection
2019-04-28 20:07:54,232 0      [           main] DEBUG ache.ibatis.logging.LogFactory  - Logging initialized using 'class org.apache.ibatis.logging.log4j.Log4jImpl' adapter.
2019-04-28 20:07:54,249 17     [           main] DEBUG source.pooled.PooledDataSource  - PooledDataSource forcefully closed/removed all connections.
2019-04-28 20:07:54,249 17     [           main] DEBUG source.pooled.PooledDataSource  - PooledDataSource forcefully closed/removed all connections.
2019-04-28 20:07:54,250 18     [           main] DEBUG source.pooled.PooledDataSource  - PooledDataSource forcefully closed/removed all connections.
2019-04-28 20:07:54,250 18     [           main] DEBUG source.pooled.PooledDataSource  - PooledDataSource forcefully closed/removed all connections.
2019-04-28 20:07:54,323 91     [           main] DEBUG ansaction.jdbc.JdbcTransaction  - Opening JDBC Connection
2019-04-28 20:10:05,769 0      [           main] DEBUG ache.ibatis.logging.LogFactory  - Logging initialized using 'class org.apache.ibatis.logging.log4j.Log4jImpl' adapter.
2019-04-28 20:10:05,868 99     [           main] DEBUG source.pooled.PooledDataSource  - PooledDataSource forcefully closed/removed all connections.
2019-04-28 20:10:05,868 99     [           main] DEBUG source.pooled.PooledDataSource  - PooledDataSource forcefully closed/removed all connections.
2019-04-28 20:10:05,868 99     [           main] DEBUG source.pooled.PooledDataSource  - PooledDataSource forcefully closed/removed all connections.
2019-04-28 20:10:05,868 99     [           main] DEBUG source.pooled.PooledDataSource  - PooledDataSource forcefully closed/removed all connections.
2019-04-28 20:10:05,948 179    [           main] DEBUG ansaction.jdbc.JdbcTransaction  - Opening JDBC Connection
2019-04-28 20:10:06,202 433    [           main] DEBUG source.pooled.PooledDataSource  - Created connection 701141022.
2019-04-28 20:10:06,203 434    [           main] DEBUG ansaction.jdbc.JdbcTransaction  - Setting autocommit to false on JDBC Connection [com.mysql.jdbc.JDBC4Connection@29ca901e]
2019-04-28 20:10:06,205 436    [           main] DEBUG  com.zhang.dao.UserDao.findAll  - ==>  Preparing: select * from user; 
2019-04-28 20:10:06,223 454    [           main] DEBUG  com.zhang.dao.UserDao.findAll  - ==> Parameters: 
2019-04-28 20:10:06,241 472    [           main] DEBUG  com.zhang.dao.UserDao.findAll  - <==      Total: 6
2019-04-28 20:10:06,244 475    [           main] DEBUG ansaction.jdbc.JdbcTransaction  - Resetting autocommit to true on JDBC Connection [com.mysql.jdbc.JDBC4Connection@29ca901e]
2019-04-28 20:10:06,245 476    [           main] DEBUG ansaction.jdbc.JdbcTransaction  - Closing JDBC Connection [com.mysql.jdbc.JDBC4Connection@29ca901e]
2019-04-28 20:10:06,245 476    [           main] DEBUG source.pooled.PooledDataSource  - Returned connection 701141022 to pool.
2019-04-29 11:58:09,469 0      [           main] DEBUG ache.ibatis.logging.LogFactory  - Logging initialized using 'class org.apache.ibatis.logging.log4j.Log4jImpl' adapter.
2019-04-29 11:58:14,548 5079   [           main] DEBUG source.pooled.PooledDataSource  - PooledDataSource forcefully closed/removed all connections.
2019-04-29 11:58:14,549 5080   [           main] DEBUG source.pooled.PooledDataSource  - PooledDataSource forcefully closed/removed all connections.
2019-04-29 11:58:14,549 5080   [           main] DEBUG source.pooled.PooledDataSource  - PooledDataSource forcefully closed/removed all connections.
2019-04-29 11:58:14,549 5080   [           main] DEBUG source.pooled.PooledDataSource  - PooledDataSource forcefully closed/removed all connections.
2019-04-29 11:58:16,116 6647   [           main] DEBUG ansaction.jdbc.JdbcTransaction  - Opening JDBC Connection
2019-04-29 11:58:17,835 8366   [           main] DEBUG source.pooled.PooledDataSource  - Created connection 701141022.
2019-04-29 11:58:17,836 8367   [           main] DEBUG ansaction.jdbc.JdbcTransaction  - Setting autocommit to false on JDBC Connection [com.mysql.jdbc.JDBC4Connection@29ca901e]
2019-04-29 11:58:17,876 8407   [           main] DEBUG  com.zhang.dao.UserDao.findAll  - ==>  Preparing: select * from user; 
2019-04-29 11:58:17,955 8486   [           main] DEBUG  com.zhang.dao.UserDao.findAll  - ==> Parameters: 
2019-04-29 11:58:18,326 8857   [           main] DEBUG  com.zhang.dao.UserDao.findAll  - <==      Total: 6
2019-04-29 11:58:18,327 8858   [           main] DEBUG ansaction.jdbc.JdbcTransaction  - Resetting autocommit to true on JDBC Connection [com.mysql.jdbc.JDBC4Connection@29ca901e]
2019-04-29 11:58:18,328 8859   [           main] DEBUG ansaction.jdbc.JdbcTransaction  - Closing JDBC Connection [com.mysql.jdbc.JDBC4Connection@29ca901e]
2019-04-29 11:58:18,328 8859   [           main] DEBUG source.pooled.PooledDataSource  - Returned connection 701141022 to pool.
